c:\users\user\source\repos\cppclr_winformsprojekt2\cppclr_winformsprojekt2\debug\cppclr_winformsprojekt2.pch
c:\users\user\source\repos\cppclr_winformsprojekt2\cppclr_winformsprojekt2\debug\vc141.pdb
c:\users\user\source\repos\cppclr_winformsprojekt2\cppclr_winformsprojekt2\debug\stdafx.obj
c:\users\user\source\repos\cppclr_winformsprojekt2\cppclr_winformsprojekt2\debug\form1.obj
c:\users\user\source\repos\cppclr_winformsprojekt2\cppclr_winformsprojekt2\debug\cppclr_winformsprojekt.obj
c:\users\user\source\repos\cppclr_winformsprojekt2\cppclr_winformsprojekt2\debug\assemblyinfo.obj
c:\users\user\source\repos\cppclr_winformsprojekt2\cppclr_winformsprojekt2\debug\.netframework,version=v4.5.2.assemblyattributes.obj
c:\users\user\source\repos\cppclr_winformsprojekt2\cppclr_winformsprojekt2\debug\.netframework,version=v4.5.2.assemblyattributes.asm
c:\users\user\source\repos\cppclr_winformsprojekt2\cppclr_winformsprojekt2\debug\cppclr_winformsprojekt2.form1.resources
c:\users\user\source\repos\cppclr_winformsprojekt2\debug\cppclr_winformsprojekt2.exe
c:\users\user\source\repos\cppclr_winformsprojekt2\debug\cppclr_winformsprojekt2.pdb
c:\users\user\source\repos\cppclr_winformsprojekt2\cppclr_winformsprojekt2\debug\app.res
c:\users\user\source\repos\cppclr_winformsprojekt2\cppclr_winformsprojekt2\debug\cppclr_winformsprojekt2.vcxproj.generateresource.cache
c:\users\user\source\repos\cppclr_winformsprojekt2\cppclr_winformsprojekt2\debug\cppclr_winformsprojekt2.vcxprojresolveassemblyreference.cache
c:\users\user\source\repos\cppclr_winformsprojekt2\cppclr_winformsprojekt2\debug\cppclr_w.f4ac1dbc.tlog\cl.command.1.tlog
c:\users\user\source\repos\cppclr_winformsprojekt2\cppclr_winformsprojekt2\debug\cppclr_w.f4ac1dbc.tlog\cl.read.1.tlog
c:\users\user\source\repos\cppclr_winformsprojekt2\cppclr_winformsprojekt2\debug\cppclr_w.f4ac1dbc.tlog\cl.write.1.tlog
c:\users\user\source\repos\cppclr_winformsprojekt2\cppclr_winformsprojekt2\debug\cppclr_w.f4ac1dbc.tlog\cppclr_winformsprojekt2.write.1u.tlog
c:\users\user\source\repos\cppclr_winformsprojekt2\cppclr_winformsprojekt2\debug\cppclr_w.f4ac1dbc.tlog\link.command.1.tlog
c:\users\user\source\repos\cppclr_winformsprojekt2\cppclr_winformsprojekt2\debug\cppclr_w.f4ac1dbc.tlog\link.read.1.tlog
c:\users\user\source\repos\cppclr_winformsprojekt2\cppclr_winformsprojekt2\debug\cppclr_w.f4ac1dbc.tlog\link.write.1.tlog
c:\users\user\source\repos\cppclr_winformsprojekt2\cppclr_winformsprojekt2\debug\cppclr_w.f4ac1dbc.tlog\metagen.read.1.tlog
c:\users\user\source\repos\cppclr_winformsprojekt2\cppclr_winformsprojekt2\debug\cppclr_w.f4ac1dbc.tlog\metagen.write.1.tlog
c:\users\user\source\repos\cppclr_winformsprojekt2\cppclr_winformsprojekt2\debug\cppclr_w.f4ac1dbc.tlog\rc.command.1.tlog
c:\users\user\source\repos\cppclr_winformsprojekt2\cppclr_winformsprojekt2\debug\cppclr_w.f4ac1dbc.tlog\rc.read.1.tlog
c:\users\user\source\repos\cppclr_winformsprojekt2\cppclr_winformsprojekt2\debug\cppclr_w.f4ac1dbc.tlog\rc.write.1.tlog
c:\users\user\source\repos\cppclr_winformsprojekt2\cppclr_winformsprojekt2\debug\cppclr_w.f4ac1dbc.tlog\tzres.dll.bi
